{"level":30,"time":1730104653272,"pid":374126,"hostname":"sailesh-Inspiron-5593","methods":"GET","url":"/api/role/"}
{"level":30,"time":1730104653350,"pid":374126,"hostname":"sailesh-Inspiron-5593","methods":"GET","url":"/","statusCode":304,"responseTime":"79ms"}
{"level":30,"time":1730104653351,"pid":374126,"hostname":"sailesh-Inspiron-5593","methods":"GET","url":"/api/role/"}
{"level":30,"time":1730104653359,"pid":374126,"hostname":"sailesh-Inspiron-5593","methods":"GET","url":"/","statusCode":304,"responseTime":"8ms"}
{"level":30,"time":1730104654406,"pid":374126,"hostname":"sailesh-Inspiron-5593","methods":"GET","url":"/api/role/"}
{"level":30,"time":1730104654416,"pid":374126,"hostname":"sailesh-Inspiron-5593","methods":"GET","url":"/","statusCode":304,"responseTime":"10ms"}
{"level":30,"time":1730104654416,"pid":374126,"hostname":"sailesh-Inspiron-5593","methods":"GET","url":"/api/role/"}
{"level":30,"time":1730104654426,"pid":374126,"hostname":"sailesh-Inspiron-5593","methods":"GET","url":"/","statusCode":304,"responseTime":"10ms"}
{"level":30,"time":1730104771125,"pid":374126,"hostname":"sailesh-Inspiron-5593","methods":"GET","url":"/api/api/logs"}
{"level":30,"time":1730104771127,"pid":374126,"hostname":"sailesh-Inspiron-5593","methods":"GET","url":"/api/api/logs","statusCode":404,"responseTime":"2ms"}
{"level":30,"time":1730104794506,"pid":374126,"hostname":"sailesh-Inspiron-5593","methods":"GET","url":"/api/logs"}
{"level":30,"time":1730104794509,"pid":374126,"hostname":"sailesh-Inspiron-5593","methods":"GET","url":"/","statusCode":500,"responseTime":"3ms"}
{"level":30,"time":1730105002244,"pid":375552,"hostname":"sailesh-Inspiron-5593","methods":"GET","url":"/api/logs"}
{"level":30,"time":1730105002255,"pid":375552,"hostname":"sailesh-Inspiron-5593","methods":"GET","url":"/","statusCode":500,"responseTime":"11ms"}
{"level":30,"time":1730105060278,"pid":375966,"hostname":"sailesh-Inspiron-5593","methods":"GET","url":"/api/logs"}
{"level":30,"time":1730105060289,"pid":375966,"hostname":"sailesh-Inspiron-5593","methods":"GET","url":"/","statusCode":500,"responseTime":"11ms"}
{"level":30,"time":1730105132594,"pid":376418,"hostname":"sailesh-Inspiron-5593","methods":"GET","url":"/api/logs"}
{"level":30,"time":1730105132603,"pid":376418,"hostname":"sailesh-Inspiron-5593","methods":"GET","url":"/","statusCode":500,"responseTime":"10ms"}
{"level":30,"time":1730105534378,"pid":377829,"hostname":"sailesh-Inspiron-5593","methods":"GET","url":"/api/logs"}
{"level":30,"time":1730105534390,"pid":377829,"hostname":"sailesh-Inspiron-5593","methods":"GET","url":"/","statusCode":500,"responseTime":"13ms"}
{"level":30,"time":1730105726546,"pid":378440,"hostname":"sailesh-Inspiron-5593","methods":"GET","url":"/api/logs"}
{"level":30,"time":1730105726558,"pid":378440,"hostname":"sailesh-Inspiron-5593","methods":"GET","url":"/","statusCode":500,"responseTime":"12ms"}
{"level":30,"time":1730105888325,"pid":379037,"hostname":"sailesh-Inspiron-5593","methods":"GET","url":"/api/logs"}
{"level":30,"time":1730105888331,"pid":379037,"hostname":"sailesh-Inspiron-5593","methods":"GET","url":"/","statusCode":500,"responseTime":"6ms"}
{"level":30,"time":1730106002752,"pid":379470,"hostname":"sailesh-Inspiron-5593","methods":"GET","url":"/api/logs"}
{"level":30,"time":1730106002760,"pid":379470,"hostname":"sailesh-Inspiron-5593","methods":"GET","url":"/","statusCode":200,"responseTime":"8ms"}
{"level":30,"time":1730106394962,"pid":380286,"hostname":"sailesh-Inspiron-5593","methods":"GET","url":"/api/logs"}
{"level":30,"time":1730106394970,"pid":380286,"hostname":"sailesh-Inspiron-5593","methods":"GET","url":"/","statusCode":200,"responseTime":"9ms"}
{"level":30,"time":1730107774555,"pid":382162,"hostname":"sailesh-Inspiron-5593","methods":"GET","url":"/api/logs"}
{"level":30,"time":1730107774568,"pid":382162,"hostname":"sailesh-Inspiron-5593","methods":"GET","url":"/","statusCode":200,"responseTime":"13ms"}
{"level":30,"time":1730111948621,"pid":387667,"hostname":"sailesh-Inspiron-5593","methods":"GET","url":"/api/logs"}
{"level":30,"time":1730112032123,"pid":388167,"hostname":"sailesh-Inspiron-5593","methods":"GET","url":"/api/logs"}
{"level":30,"time":1730112032128,"pid":388167,"hostname":"sailesh-Inspiron-5593","methods":"GET","url":"/","statusCode":200,"responseTime":"5ms"}
{"level":30,"time":1730112082010,"pid":388167,"hostname":"sailesh-Inspiron-5593","methods":"GET","url":"/api/logs?page=2"}
{"level":30,"time":1730112082011,"pid":388167,"hostname":"sailesh-Inspiron-5593","methods":"GET","url":"/?page=2","statusCode":200,"responseTime":"1ms"}
{"level":30,"time":1730112094853,"pid":388167,"hostname":"sailesh-Inspiron-5593","methods":"GET","url":"/api/logs?page=3"}
{"level":30,"time":1730112094854,"pid":388167,"hostname":"sailesh-Inspiron-5593","methods":"GET","url":"/?page=3","statusCode":200,"responseTime":"1ms"}
{"level":30,"time":1730112104298,"pid":388167,"hostname":"sailesh-Inspiron-5593","methods":"GET","url":"/api/logs?page=4"}
{"level":30,"time":1730112104300,"pid":388167,"hostname":"sailesh-Inspiron-5593","methods":"GET","url":"/?page=4","statusCode":200,"responseTime":"2ms"}
{"level":30,"time":1730112117056,"pid":388167,"hostname":"sailesh-Inspiron-5593","methods":"GET","url":"/api/logs?page=9"}
{"level":30,"time":1730112117057,"pid":388167,"hostname":"sailesh-Inspiron-5593","methods":"GET","url":"/?page=9","statusCode":200,"responseTime":"1ms"}
{"level":30,"time":1730112543829,"pid":388167,"hostname":"sailesh-Inspiron-5593","methods":"GET","url":"/api/logs?page=7"}
{"level":30,"time":1730112543830,"pid":388167,"hostname":"sailesh-Inspiron-5593","methods":"GET","url":"/?page=7","statusCode":200,"responseTime":"1ms"}
{"level":30,"time":1730112567737,"pid":388167,"hostname":"sailesh-Inspiron-5593","methods":"GET","url":"/api/logs?page=1"}
{"level":30,"time":1730112567739,"pid":388167,"hostname":"sailesh-Inspiron-5593","methods":"GET","url":"/?page=1","statusCode":200,"responseTime":"2ms"}
{"level":30,"time":1730112580175,"pid":388167,"hostname":"sailesh-Inspiron-5593","methods":"GET","url":"/api/logs?page=2"}
{"level":30,"time":1730112580176,"pid":388167,"hostname":"sailesh-Inspiron-5593","methods":"GET","url":"/?page=2","statusCode":200,"responseTime":"1ms"}
{"level":30,"time":1730112592027,"pid":388167,"hostname":"sailesh-Inspiron-5593","methods":"GET","url":"/api/logs?page=3"}
{"level":30,"time":1730112592028,"pid":388167,"hostname":"sailesh-Inspiron-5593","methods":"GET","url":"/?page=3","statusCode":200,"responseTime":"1ms"}
{"level":30,"time":1730112615507,"pid":388167,"hostname":"sailesh-Inspiron-5593","methods":"GET","url":"/api/logs?page=4"}
{"level":30,"time":1730112615508,"pid":388167,"hostname":"sailesh-Inspiron-5593","methods":"GET","url":"/?page=4","statusCode":200,"responseTime":"1ms"}
{"level":30,"time":1730112630794,"pid":388167,"hostname":"sailesh-Inspiron-5593","methods":"GET","url":"/api/logs?page=4"}
{"level":30,"time":1730112630795,"pid":388167,"hostname":"sailesh-Inspiron-5593","methods":"GET","url":"/?page=4","statusCode":200,"responseTime":"1ms"}
{"level":30,"time":1730112635085,"pid":388167,"hostname":"sailesh-Inspiron-5593","methods":"GET","url":"/api/logs?page=4"}
{"level":30,"time":1730112635087,"pid":388167,"hostname":"sailesh-Inspiron-5593","methods":"GET","url":"/?page=4","statusCode":200,"responseTime":"2ms"}
{"level":30,"time":1730112657989,"pid":388771,"hostname":"sailesh-Inspiron-5593","methods":"GET","url":"/api/logs?page=1"}
{"level":30,"time":1730112657997,"pid":388771,"hostname":"sailesh-Inspiron-5593","methods":"GET","url":"/?page=1","statusCode":200,"responseTime":"9ms"}
